mktextfm ptmr8t
mktextfm ptmr8t
mktextfm ptmr8t
mktextfm ptmr8t
mktextfm ptmr8t
mktextfm zptmcm7t
mktextfm zptmcm7t
mktextfm zptmcm7t
mktextfm zptmcm7m
mktextfm zptmcm7m
mktextfm zptmcm7m
mktextfm zptmcm7y
mktextfm zptmcm7y
mktextfm zptmcm7y
mktextfm zptmcm7v
mktextfm zptmcm7v
mktextfm zptmcm7v
mktextfm rsfs10
mktextfm rsfs10
mktextfm rsfs7
mktextfm ptmb7t
mktextfm nullfont
mktextfm ptmb7t
mktextfm nullfont
mktextfm ptmb7t
mktextfm nullfont
mktextfm ptmri7t
mktextfm ptmri7t
mktextfm ptmri7t
mktextfm ptmr8t
mktextfm ptmb8t
mktextfm nullfont
mktextfm ptmri8t
mktextfm zptmcm7t
mktextfm zptmcm7t
mktextfm zptmcm7t
mktextfm zptmcm7m
mktextfm zptmcm7m
mktextfm zptmcm7m
mktextfm zptmcm7y
mktextfm zptmcm7y
mktextfm zptmcm7y
mktextfm zptmcm7v
mktextfm zptmcm7v
mktextfm zptmcm7v
mktextfm rsfs10
mktextfm rsfs7
mktextfm nullfont
mktextfm rsfs5
mktextfm ptmb7t
mktextfm nullfont
mktextfm ptmb7t
mktextfm nullfont
mktextfm ptmb7t
mktextfm nullfont
mktextfm ptmri7t
mktextfm ptmri7t
mktextfm ptmri7t
mktextfm ptmb8t
mktextfm nullfont
mktextfm ptmb8t
mktextfm nullfont
mktextfm ptmbi8t
mktextfm nullfont
